C51 COMPILER V9.60.0.0   LCD1602                                                           06/19/2019 20:06:12 PAGE 1   


C51 COMPILER V9.60.0.0, COMPILATION OF MODULE LCD1602
OBJECT MODULE PLACED IN .\Objects\lcd1602.obj
COMPILER INVOKED BY: C:\Root\Opt\Keil\C51\BIN\C51.EXE lcd1602.c COMPACT OPTIMIZE(8,SPEED) BROWSE DEBUG OBJECTEXTEND PRIN
                    -T(.\Listings\lcd1602.lst) OBJECT(.\Objects\lcd1602.obj)

line level    source

   1          
   2          #include "iap15w4k58s4.h"
   3          
   4          #define LCD1602_DATAPINS P2
   5          
   6          sbit LCD1602_E=P4^1;
   7          sbit LCD1602_RW=P4^2;
   8          sbit LCD1602_RS=P4^4;
   9          
  10          /*******************************************************************************
  11          * 函 数 名         : Lcd1602_Delay1ms
  12          * 函数功能             : 延时函数，延时1ms
  13          * 输    入         : c
  14          * 输    出         : 无
  15          * 说    名         : 该函数是在12MHZ晶振下，12分频单片机的延时。
  16          *******************************************************************************/
  17          static void lcd1602_delay1ms(void)      // @6.000MHz
  18          {
  19   1              u8 i, j;
  20   1      
  21   1              i = 6;
  22   1              j = 211;
  23   1              do {
  24   2                      while (--j);
  25   2              } while (--i);          
  26   1      }
  27          
  28          /*******************************************************************************
  29          * 函 数 名         : LcdWriteCom
  30          * 函数功能             : 向LCD写入一个字节的命令
  31          * 输    入         : com
  32          * 输    出         : 无
  33          *******************************************************************************/
  34          void lcd1602_write_com(u8 com)    //写入命令
  35          {
  36   1              LCD1602_E = 0;     //使能
  37   1              LCD1602_RS = 0;    //选择发送命令
  38   1              LCD1602_RW = 0;    //选择写入
  39   1              
  40   1              LCD1602_DATAPINS = com;     //放入命令
  41   1              delay_ms(1);
  42   1      
  43   1              LCD1602_E = 1;          //写入时序
  44   1              delay_ms(5);
  45   1              LCD1602_E = 0;
  46   1      }
  47          
  48          /*******************************************************************************
  49          * 函 数 名         : LcdWriteData
  50          * 函数功能             : 向LCD写入一个字节的数据
  51          * 输    入         : dat
  52          * 输    出         : 无
  53          *******************************************************************************/                                   
  54          void lcd1602_write_data(u8 dat)                 //写入数据
C51 COMPILER V9.60.0.0   LCD1602                                                           06/19/2019 20:06:12 PAGE 2   

  55          {
  56   1              LCD1602_E = 0;  //使能清零
  57   1              LCD1602_RS = 1; //选择输入数据
  58   1              LCD1602_RW = 0; //选择写入
  59   1      
  60   1              LCD1602_DATAPINS = dat; //写入数据
  61   1              delay_ms(1);
  62   1      
  63   1              LCD1602_E = 1;          //写入时序
  64   1              delay_ms(5);
  65   1              LCD1602_E = 0;
  66   1      }
  67          
  68          /*******************************************************************************
  69          * 函 数 名       : LcdInit()
  70          * 函数功能           : 初始化LCD屏
  71          * 输    入       : 无
  72          * 输    出       : 无
  73          *******************************************************************************/
  74          void lcd1602_init()                             //LCD初始化子程序
  75          {
  76   1              lcd1602_write_com(0x38);        //开显示
  77   1              lcd1602_write_com(0x0c);        //开显示不显示光标
  78   1              lcd1602_write_com(0x06);        //写一个指针加1
  79   1              lcd1602_write_com(0x01);        //清屏
  80   1              lcd1602_write_com(0x80);        //设置数据指针起点
  81   1      }
  82          
  83          void lcd1602_pos(u8 x, u8 y)
  84          {
  85   1              x &= 0xf;
  86   1              y &= 0x1;
  87   1              
  88   1              if (y == 0) lcd1602_write_com(x|0x80);
  89   1              else lcd1602_write_com((x + 0x40)|0x80);
  90   1      }
  91          
  92          void lcd1602_disp(u8 *s, u8 len)
  93          {
  94   1              u8 i;
  95   1              
  96   1              for (i = 0; i < len; i++) lcd1602_write_data(s[i]); 
  97   1      }


MODULE INFORMATION:   STATIC OVERLAYABLE
   CODE SIZE        =    173    ----
   CONSTANT SIZE    =   ----    ----
   XDATA SIZE       =   ----    ----
   PDATA SIZE       =   ----       6
   DATA SIZE        =   ----    ----
   IDATA SIZE       =   ----    ----
   BIT SIZE         =   ----    ----
END OF MODULE INFORMATION.


C51 COMPILATION COMPLETE.  0 WARNING(S),  0 ERROR(S)
