C51 COMPILER V9.60.0.0   MAIN                                                              06/19/2019 20:06:11 PAGE 1   


C51 COMPILER V9.60.0.0, COMPILATION OF MODULE MAIN
OBJECT MODULE PLACED IN .\Objects\main.obj
COMPILER INVOKED BY: C:\Root\Opt\Keil\C51\BIN\C51.EXE main.c COMPACT OPTIMIZE(8,SPEED) BROWSE DEBUG OBJECTEXTEND PRINT(.
                    -\Listings\main.lst) OBJECT(.\Objects\main.obj)

line level    source

   1          
   2          #include "iap15w4k58s4.h"
   3          #include <stdio.h>
   4          
   5          void prog(void)
   6          {
   7   1              u8 old_sec = 0;
   8   1              u8 time_str_time[17];
   9   1              //u16 year, mon, day, hour, min, sec, week;
  10   1              u8 update_flag = 1;
  11   1      
  12   1              while (1) {
  13   2                      delay_ms(200);
  14   2                      if (old_sec != sec1 && day1 != 0) {
  15   3                              //printf("20%02u-%u-%u \r\n", year1, mon1, day1);
  16   3                              //printf("%u:%u:%u \r\n", hour1, min1, sec1);
  17   3                              //printf("%u \r\n", week1);
  18   3                              
  19   3                              //ds1302_get_time(&year, &mon, &day, &hour, &min, &sec, &week);
  20   3                              sprintf(time_str_time, "   20%02u-%02u-%02u   ", year1, mon1, day1);
  21   3                              send_string(time_str_time);
  22   3                              lcd1602_pos(0, 0);
  23   3                              lcd1602_disp(time_str_time, 16);
  24   3                              sprintf(time_str_time, "    %02u:%02u:%02u    ", hour1, min1, sec1);
  25   3                              send_string(time_str_time);
  26   3                              lcd1602_pos(0, 1);
  27   3                              lcd1602_disp(time_str_time, 16);
  28   3                              
  29   3                              old_sec = sec1;
  30   3                      }
  31   2                      
  32   2                      if (update_flag) {
  33   3                              if (update_time() == OK)
  34   3                                      update_flag = 0;
  35   3                      }
  36   2              }
  37   1      }
  38          
  39          int main(void)
  40          {
  41   1              iap15w4k58s4_config();
  42   1              
  43   1              send_string("IAP15W4K58S4 JJY Test. \r\n");
  44   1              
  45   1              prog();
  46   1              
  47   1              return 0;
  48   1      }


MODULE INFORMATION:   STATIC OVERLAYABLE
   CODE SIZE        =    263    ----
   CONSTANT SIZE    =     72    ----
   XDATA SIZE       =   ----    ----
C51 COMPILER V9.60.0.0   MAIN                                                              06/19/2019 20:06:11 PAGE 2   

   PDATA SIZE       =   ----      19
   DATA SIZE        =   ----    ----
   IDATA SIZE       =   ----    ----
   BIT SIZE         =   ----    ----
END OF MODULE INFORMATION.


C51 COMPILATION COMPLETE.  0 WARNING(S),  0 ERROR(S)
