C51 COMPILER V9.60.0.0   LED                                                               06/25/2019 17:18:03 PAGE 1   


C51 COMPILER V9.60.0.0, COMPILATION OF MODULE LED
OBJECT MODULE PLACED IN .\Objects\led.obj
COMPILER INVOKED BY: C:\Root\Opt\Keil\C51\BIN\C51.EXE led.c COMPACT OPTIMIZE(8,SPEED) BROWSE DEBUG OBJECTEXTEND PRINT(.\
                    -Listings\led.lst) OBJECT(.\Objects\led.obj)

line level    source

   1          
   2          #include "iap15w413as.h"
   3          
   4          sbit LED_RED = P3^6;
   5          sbit LDE_BLUE = P3^7;
   6          
   7          void led_init(void)
   8          {
   9   1              led_red_disable();
  10   1              led_blue_disable();
  11   1      }
  12          
  13          void led_red_enable(void)
  14          {
  15   1              LED_RED = 0;
  16   1      }
  17          
  18          void led_red_disable(void)
  19          {
  20   1              LED_RED = 1;
  21   1      }
  22          
  23          void led_blue_enable(void)
  24          {
  25   1              LDE_BLUE = 0;
  26   1      }
  27          
  28          void led_blue_disable(void)
  29          {
  30   1              LDE_BLUE = 1;
  31   1      }


MODULE INFORMATION:   STATIC OVERLAYABLE
   CODE SIZE        =     18    ----
   CONSTANT SIZE    =   ----    ----
   XDATA SIZE       =   ----    ----
   PDATA SIZE       =   ----    ----
   DATA SIZE        =   ----    ----
   IDATA SIZE       =   ----    ----
   BIT SIZE         =   ----    ----
END OF MODULE INFORMATION.


C51 COMPILATION COMPLETE.  0 WARNING(S),  0 ERROR(S)
