C51 COMPILER V9.60.0.0   MAIN                                                              06/26/2019 19:21:01 PAGE 1   


C51 COMPILER V9.60.0.0, COMPILATION OF MODULE MAIN
OBJECT MODULE PLACED IN .\Objects\main.obj
COMPILER INVOKED BY: C:\Root\Opt\Keil\C51\BIN\C51.EXE main.c COMPACT OPTIMIZE(8,SPEED) BROWSE DEBUG OBJECTEXTEND PRINT(.
                    -\Listings\main.lst) OBJECT(.\Objects\main.obj)

line level    source

   1          
   2          #include "iap15w413as.h"
   3          
   4          void print_time(Date *jjyd)
   5          {
   6   1              // const char *_week_[] = {"Mon ", "Tues", "Wed ", 
   7   1              //                                              "Thur", "Fri ", "Sat ", "Sun "};
   8   1              
   9   1              send_u8_decimal(jjyd->year - 2000);
  10   1              send_string("/");
  11   1              send_u8_decimal(jjyd->mon);
  12   1              send_string("/");
  13   1              send_u8_decimal(jjyd->day);
  14   1              send_string("/");
  15   1              
  16   1              send_u8_decimal(jjyd->hour);
  17   1              send_string("/");
  18   1              send_u8_decimal(jjyd->min);
  19   1              send_string("/");
  20   1              send_u8_decimal(jjyd->sec);
  21   1              send_string("/");
  22   1              
  23   1              //send_string(_week_[jjyd->week]);
  24   1              send_u8_decimal(jjyd->week);
  25   1              send_string(" \r\n");
  26   1      }
  27          
  28          void main(void)
  29          {
  30   1              u8 i = 0;
  31   1              Date jjyd;
  32   1              
  33   1              iap15w413as_config();
  34   1      #ifdef JJYDEBUG 
  35   1              send_string("IAP15W413AS JJY Test.                   \r\n");
  36   1      #endif
  37   1              jjy_khz(60);
  38   1              jjy_enable();
  39   1              while (1) {
  40   2                      if (GetJJY(&jjyd)) {
  41   3      #ifdef JJYDEBUG
  42   3                              send_string("Failure. ");
  43   3      #else
                                      send_string("F. ");
              #endif
  46   3                              send_string("000-000-000-000-000-000-000 \r\n");        // JJY_TIME_MESS_SIZE = 33
  47   3                              led_blue_enable();
  48   3                      } else {
  49   3      #ifdef JJYDEBUG
  50   3                              send_string("Success. "); 
  51   3      #else
                                      send_string("S. "); 
              #endif
  54   3                              print_time(&jjyd);
C51 COMPILER V9.60.0.0   MAIN                                                              06/26/2019 19:21:01 PAGE 2   

  55   3                              led_red_enable();
  56   3                      }
  57   2              }
  58   1              // jjy_disable();
  59   1      }


MODULE INFORMATION:   STATIC OVERLAYABLE
   CODE SIZE        =    295    ----
   CONSTANT SIZE    =    100    ----
   XDATA SIZE       =   ----    ----
   PDATA SIZE       =   ----      22
   DATA SIZE        =   ----    ----
   IDATA SIZE       =   ----    ----
   BIT SIZE         =   ----    ----
END OF MODULE INFORMATION.


C51 COMPILATION COMPLETE.  0 WARNING(S),  0 ERROR(S)
