C51 COMPILER V9.60.0.0   TIMER                                                             06/25/2019 17:18:02 PAGE 1   


C51 COMPILER V9.60.0.0, COMPILATION OF MODULE TIMER
OBJECT MODULE PLACED IN .\Objects\timer.obj
COMPILER INVOKED BY: C:\Root\Opt\Keil\C51\BIN\C51.EXE timer.c COMPACT OPTIMIZE(8,SPEED) BROWSE DEBUG OBJECTEXTEND PRINT(
                    -.\Listings\timer.lst) OBJECT(.\Objects\timer.obj)

line level    source

   1          
   2          #include "iap15w413as.h"
   3          
   4          #define T0_1MS                  (65536 - FOSC / (12 * 1000))
   5          
   6          static xdata u16 timing = 0;
   7          u8 JJYstatus = 0;
   8          
   9          void timer0_init(void)  // 1毫秒@6.000MHz
  10          {
  11   1              AUXR &= 0x7F;           // 定时器时钟12T模式
  12   1              TMOD &= 0xF0;           // 设置定时器模式
  13   1              TL0 = T0_1MS;           // 设置定时初值
  14   1              TH0 = T0_1MS >> 8;      // 设置定时初值
  15   1              TF0 = 0;                        // 清除TF0标志
  16   1              TR0 = 1;                        // 定时器0开始计时
  17   1      }
  18          
  19          void delay_ms(u16 ms)
  20          {
  21   1              timing = ms;
  22   1              while (timing != 0x0);
  23   1      }
  24          
  25          void delay_s(u8 s)
  26          {
  27   1              u8 i;
  28   1              
  29   1              for (i = 0; i < s; i++) delay_ms(1000);
  30   1      }
  31                  
  32          void timer0_isr(void) interrupt 1
  33          {
  34   1              static u16 i = 0;
  35   1              
  36   1              if (timing != 0x0) timing--;
  37   1              if (i >= 60000) i = 0;
  38   1              if (i % 10 == 0) JJYstatus = 1;
  39   1              i++;
  40   1      }


MODULE INFORMATION:   STATIC OVERLAYABLE
   CODE SIZE        =    197    ----
   CONSTANT SIZE    =   ----    ----
   XDATA SIZE       =      2    ----
   PDATA SIZE       =      3    ----
   DATA SIZE        =   ----    ----
   IDATA SIZE       =   ----    ----
   BIT SIZE         =   ----    ----
END OF MODULE INFORMATION.


C51 COMPILATION COMPLETE.  0 WARNING(S),  0 ERROR(S)
