C51 COMPILER V9.60.0.0   UART                                                              06/26/2019 19:21:00 PAGE 1   


C51 COMPILER V9.60.0.0, COMPILATION OF MODULE UART
OBJECT MODULE PLACED IN .\Objects\uart.obj
COMPILER INVOKED BY: C:\Root\Opt\Keil\C51\BIN\C51.EXE uart.c COMPACT OPTIMIZE(8,SPEED) BROWSE DEBUG OBJECTEXTEND PRINT(.
                    -\Listings\uart.lst) OBJECT(.\Objects\uart.obj)

line level    source

   1          
   2          #include "iap15w413as.h"
   3          
   4          static u8 busy;
   5          
   6          void uart1_init(void)   // 9600bps@6.000MHz
   7          {
   8   1              SCON = 0x50;            // 8位数据,可变波特率
   9   1              AUXR |= 0x01;           // 串口1选择定时器2为波特率发生器
  10   1              AUXR &= 0xFB;           // 定时器2时钟为Fosc/12,即12T
  11   1              T2L = (65536 - (FOSC / 12 / 4 / UART1_BAUD));
  12   1              T2H = (65536 - (FOSC / 12 / 4 / UART1_BAUD)) >> 8;
  13   1              
  14   1              busy = 0;
  15   1              TI = 1;
  16   1              AUXR_T2R_ENABLE();      // 启动定时器2
  17   1      }
  18          
  19          void send_data(u8 v)
  20          {
  21   1              while (busy);
  22   1              busy = 1;
  23   1              SBUF = v;
  24   1      }
  25          
  26          void send_string(char *v)
  27          {
  28   1              while (*v) send_data((u8)*v++);
  29   1      }
  30          
  31          void send_u8_decimal(u8 v)
  32          {
  33   1              u8 tmp[4] = "000";
  34   1              
  35   1              tmp[2] = v % 10;
  36   1              tmp[1] = (v - v / 100 * 100) / 10;
  37   1              tmp[0] = (v - tmp[2] - tmp[1] * 10) / 100;
  38   1              
  39   1              tmp[2] += '0';
  40   1              tmp[1] += '0';
  41   1              tmp[0] += '0';
  42   1              
  43   1              send_string(tmp);
  44   1      }
  45          
  46          void uart1_isr(void) interrupt 4
  47          {
  48   1              if (RI) {RI = 0;}
  49   1              if (TI) {TI = 0; busy = 0;}
  50   1      }


MODULE INFORMATION:   STATIC OVERLAYABLE
   CODE SIZE        =    248    ----
C51 COMPILER V9.60.0.0   UART                                                              06/26/2019 19:21:00 PAGE 2   

   CONSTANT SIZE    =      4    ----
   XDATA SIZE       =   ----    ----
   PDATA SIZE       =      1       8
   DATA SIZE        =   ----    ----
   IDATA SIZE       =   ----    ----
   BIT SIZE         =   ----    ----
END OF MODULE INFORMATION.


C51 COMPILATION COMPLETE.  0 WARNING(S),  0 ERROR(S)
