C51 COMPILER V9.60.0.0   DS3231                                                            07/05/2019 17:37:14 PAGE 1   


C51 COMPILER V9.60.0.0, COMPILATION OF MODULE DS3231
OBJECT MODULE PLACED IN .\Objects\ds3231.obj
COMPILER INVOKED BY: C:\Root\Opt\Keil\C51\BIN\C51.EXE ds3231.c LARGE OPTIMIZE(7,SPEED) BROWSE DEBUG OBJECTEXTEND PRINT(.
                    -\Listings\ds3231.lst) OBJECT(.\Objects\ds3231.obj)

line level    source

   1          
   2          #include "iap15w413as.h"
   3          
   4          #define DS3231_WADDR    0xd0
   5          #define DS3231_RADDR    0xd1
   6          
   7          sbit i2c_sda = P1^0;
   8          sbit i2c_scl = P1^1;
   9          
  10          static void i2c_delay(void)     // 5us @6.000MHz
  11          {
  12   1              unsigned char i;
  13   1      
  14   1              _nop_();
  15   1              _nop_();
  16   1              i = 3;
  17   1              while (--i);
  18   1      }
  19          
  20          static void i2c_start(void)
  21          {
  22   1              i2c_sda = 1;
  23   1              i2c_scl = 1;
  24   1              i2c_delay();
  25   1              i2c_sda = 0;
  26   1              i2c_delay();
  27   1              i2c_scl = 0;
  28   1      }
  29          
  30          static void i2c_stop(void)
  31          {
  32   1              i2c_sda = 0;
  33   1              i2c_scl = 1;
  34   1              i2c_delay();
  35   1              i2c_sda = 1;
  36   1      }
  37          
  38          static void i2c_write_byte(u8 Byte)
  39          {
  40   1              u8 i;
  41   1      
  42   1              for (i = 0; i < 8; i++) {
  43   2                      if (Byte & 0x80) i2c_sda = 1;
  44   2                      else i2c_sda = 0;
  45   2      
  46   2                      i2c_delay();
  47   2                      i2c_scl = 1;
  48   2                      i2c_delay();
  49   2                      i2c_scl = 0;
  50   2      
  51   2                      if (i == 7) i2c_sda = 1;
  52   2                      Byte <<= 0x1;
  53   2                      i2c_delay();
  54   2              }
C51 COMPILER V9.60.0.0   DS3231                                                            07/05/2019 17:37:14 PAGE 2   

  55   1      }
  56          
  57          static u8 i2c_read_byte(void)
  58          {
  59   1              u8 i, v = 0;
  60   1      
  61   1              for (i = 0; i < 8; i++) {
  62   2                      v <<= 0x1;
  63   2                      i2c_scl = 1;
  64   2                      i2c_delay();
  65   2      
  66   2                      if (i2c_sda == 1) v++;
  67   2                      i2c_scl = 0;
  68   2                      i2c_delay();
  69   2              }
  70   1      
  71   1              return v;
  72   1      }
  73          
  74          static u8 i2c_wait_ack(void)
  75          {
  76   1              u8 re;
  77   1      
  78   1              i2c_sda = 1;
  79   1              i2c_delay();
  80   1              i2c_scl = 1;
  81   1              i2c_delay();
  82   1      
  83   1              if (i2c_sda == 1) re = 1;
  84   1              else re = 0;
  85   1      
  86   1              i2c_scl = 0;
  87   1              i2c_delay();
  88   1      
  89   1              return re;
  90   1      }
  91          
  92          static u8 ds3231_bcd2hex(u8 bcd)
  93          {
  94   1              return (bcd >> 4) * 10 + (bcd & 0xf);
  95   1      }
  96          
  97          static u8 ds3231_hex2bcd(u8 hex)
  98          {
  99   1              return (hex / 10 << 4) + (hex % 10);
 100   1      }
 101          
 102          static void ds3231_write_byte(u8 addr, u8 v)
 103          {
 104   1              i2c_start();
 105   1              i2c_write_byte(DS3231_WADDR);
 106   1              i2c_wait_ack();
 107   1              i2c_write_byte(addr);
 108   1              i2c_wait_ack();
 109   1              i2c_write_byte(v);
 110   1              i2c_wait_ack();
 111   1              i2c_stop();
 112   1      }
 113          
 114          static ds3231_read_byte(u8 addr)
 115          {
 116   1              u8 v;
C51 COMPILER V9.60.0.0   DS3231                                                            07/05/2019 17:37:14 PAGE 3   

 117   1      
 118   1              i2c_start();
 119   1              i2c_write_byte(DS3231_WADDR);
 120   1              i2c_wait_ack();
 121   1              i2c_write_byte(addr);
 122   1              i2c_wait_ack();
 123   1      
 124   1              i2c_start();
 125   1              i2c_write_byte(DS3231_RADDR);
 126   1              i2c_wait_ack();
 127   1              v = i2c_read_byte();
 128   1              i2c_stop();
 129   1      
 130   1              return v;
 131   1      }
 132          
 133          void ds3231_config(void)
 134          {
 135   1              u16 i;
 136   1      
 137   1              ds3231_write_byte(0x0e, 0x0);
 138   1              //delay_ms(500);
 139   1              for (i = 0; i < 200; i++) i2c_delay();
 140   1              ds3231_write_byte(0x0f, 0x0);
 141   1              //delay_ms(500);
 142   1              for (i = 0; i < 200; i++) i2c_delay();
 143   1      }
 144          
 145          void ds3231_set_date(u8 y, u8 m, u8 d, u8 h, u8 mi, u8 s, u8 w)
 146          {
 147   1              ds3231_write_byte(0x06, ds3231_hex2bcd(y));
 148   1              ds3231_write_byte(0x05, ds3231_hex2bcd(m));
 149   1              ds3231_write_byte(0x04, ds3231_hex2bcd(d));
 150   1              ds3231_write_byte(0x02, ds3231_hex2bcd(h));
 151   1              ds3231_write_byte(0x01, ds3231_hex2bcd(mi));
 152   1              ds3231_write_byte(0x00, ds3231_hex2bcd(s));
 153   1              ds3231_write_byte(0x03, ds3231_hex2bcd(w));
 154   1      }
 155          
 156          void ds3231_get_date(u8 *y, u8 *m, u8 *d, u8 *h, u8 *mi, u8 *s, u8 *w)
 157          {
 158   1      //      u8 v;
 159   1              
 160   1              *y = ds3231_bcd2hex(ds3231_read_byte(0x06));
 161   1              *m = ds3231_bcd2hex(ds3231_read_byte(0x05));
 162   1              *d = ds3231_bcd2hex(ds3231_read_byte(0x04));
 163   1      
 164   1              *h = ds3231_bcd2hex(ds3231_read_byte(0x02) & 0x3f);
 165   1              *mi = ds3231_bcd2hex(ds3231_read_byte(0x01));
 166   1              *s = ds3231_bcd2hex(ds3231_read_byte(0x00));
 167   1      
 168   1              *w = ds3231_bcd2hex(ds3231_read_byte(0x03));
 169   1      
 170   1              //v = ds3231_read_byte(0x0e);
 171   1              //v |= 0x20;
 172   1              //ds3231_write_byte(0x0e, v);
 173   1              //*t = ds3231_bcd2hex(ds3231_read_byte(0x011));
 174   1      }


MODULE INFORMATION:   STATIC OVERLAYABLE
   CODE SIZE        =    560    ----
C51 COMPILER V9.60.0.0   DS3231                                                            07/05/2019 17:37:14 PAGE 4   

   CONSTANT SIZE    =   ----    ----
   XDATA SIZE       =   ----      28
   PDATA SIZE       =   ----    ----
   DATA SIZE        =   ----    ----
   IDATA SIZE       =   ----    ----
   BIT SIZE         =   ----    ----
END OF MODULE INFORMATION.


C51 COMPILATION COMPLETE.  0 WARNING(S),  0 ERROR(S)
