C51 COMPILER V9.60.0.0   LED                                                               07/05/2019 17:37:14 PAGE 1   


C51 COMPILER V9.60.0.0, COMPILATION OF MODULE LED
OBJECT MODULE PLACED IN .\Objects\led.obj
COMPILER INVOKED BY: C:\Root\Opt\Keil\C51\BIN\C51.EXE led.c LARGE OPTIMIZE(7,SPEED) BROWSE DEBUG OBJECTEXTEND PRINT(.\Li
                    -stings\led.lst) OBJECT(.\Objects\led.obj)

line level    source

   1          
   2          #include "iap15w413as.h"
   3          
   4          sbit led_red = P3^7;
   5          sbit led_color = P3^6;
   6          
   7          void led_config(void)
   8          {
   9   1              led_red = 1;
  10   1              led_color = 1;
  11   1      }
  12          
  13          void led_red_enable(void)
  14          {
  15   1              led_red = 0;
  16   1      }
  17          
  18          void led_red_disable(void)
  19          {
  20   1              led_red = 1;
  21   1      }
  22          
  23          void led_color_enable(void)
  24          {
  25   1              led_color = 0;
  26   1      }
  27          
  28          void led_color_disable(void)
  29          {
  30   1              led_color = 1;
  31   1      }


MODULE INFORMATION:   STATIC OVERLAYABLE
   CODE SIZE        =     17    ----
   CONSTANT SIZE    =   ----    ----
   XDATA SIZE       =   ----    ----
   PDATA SIZE       =   ----    ----
   DATA SIZE        =   ----    ----
   IDATA SIZE       =   ----    ----
   BIT SIZE         =   ----    ----
END OF MODULE INFORMATION.


C51 COMPILATION COMPLETE.  0 WARNING(S),  0 ERROR(S)
