C51 COMPILER V9.60.0.0   TIMER                                                             07/05/2019 17:37:13 PAGE 1   


C51 COMPILER V9.60.0.0, COMPILATION OF MODULE TIMER
OBJECT MODULE PLACED IN .\Objects\timer.obj
COMPILER INVOKED BY: C:\Root\Opt\Keil\C51\BIN\C51.EXE timer.c LARGE OPTIMIZE(7,SPEED) BROWSE DEBUG OBJECTEXTEND PRINT(.\
                    -Listings\timer.lst) OBJECT(.\Objects\timer.obj)

line level    source

   1          
   2          #include "iap15w413as.h"
   3          
   4          #define T0_1MS                  (65536 - FOSC / 12 / 1000)
   5          
   6          static xdata u16 timing = 0;
   7          xdata u16 timer_ms = 0;
   8          xdata u8 timer_flag = 0;
   9          
  10          xdata u16 timer_10ms = 0;
  11          xdata u8 bpc_flag = 0;
  12          
  13          void timer0_init(void)  // 1毫秒@6.000MHz
  14          {
  15   1              AUXR &= 0x7F;           // 定时器时钟12T模式
  16   1              TMOD &= 0xF0;           // 设置定时器模式
  17   1              TL0 = T0_1MS;           // 设置定时初值
  18   1              TH0 = T0_1MS >> 8;      // 设置定时初值
  19   1              TF0 = 0;                        // 清除TF0标志
  20   1              TR0 = 1;                        // 定时器0开始计时
  21   1      }
  22          
  23          void delay_ms(u16 ms)
  24          {
  25   1              timing = ms;
  26   1              while (timing != 0x0);
  27   1      }
  28          
  29          void delay_s(u8 s)
  30          {
  31   1              u8 i;
  32   1              
  33   1              for (i = 0; i < s; i++) delay_ms(1000);
  34   1      }
  35                  
  36          void timer0_isr(void) interrupt 1
  37          {
  38   1              if (timing != 0x0) timing--;
  39   1              if (timer_ms == 1000) {timer_ms = 0; timer_flag = 1;}
  40   1              timer_ms++;
  41   1              if (timer_10ms == 60000) {timer_10ms = 0;}
  42   1              if (timer_10ms % 10 == 0) {bpc_flag = 1;}
  43   1              timer_10ms++;
  44   1      }


MODULE INFORMATION:   STATIC OVERLAYABLE
   CODE SIZE        =    241    ----
   CONSTANT SIZE    =   ----    ----
   XDATA SIZE       =      8    ----
   PDATA SIZE       =   ----    ----
   DATA SIZE        =   ----    ----
   IDATA SIZE       =   ----    ----
   BIT SIZE         =   ----    ----
C51 COMPILER V9.60.0.0   TIMER                                                             07/05/2019 17:37:13 PAGE 2   

END OF MODULE INFORMATION.


C51 COMPILATION COMPLETE.  0 WARNING(S),  0 ERROR(S)
