C51 COMPILER V9.60.0.0   IAP15W413AS_CONFIG                                                06/26/2019 17:13:58 PAGE 1   


C51 COMPILER V9.60.0.0, COMPILATION OF MODULE IAP15W413AS_CONFIG
OBJECT MODULE PLACED IN .\Objects\iap15w413as_config.obj
COMPILER INVOKED BY: C:\Root\Opt\Keil\C51\BIN\C51.EXE iap15w413as_config.c COMPACT OPTIMIZE(8,SPEED) BROWSE DEBUG OBJECT
                    -EXTEND PRINT(.\Listings\iap15w413as_config.lst) OBJECT(.\Objects\iap15w413as_config.obj)

line level    source

   1          
   2          #include "iap15w413as.h"
   3          
   4          void port_mode(void)
   5          {
   6   1              P0M1 = 0x0;
   7   1              P0M0 = 0x0;
   8   1              
   9   1              P1M1 = 0x0;
  10   1              P1M0 = 0x0;
  11   1              
  12   1              P2M1 = 0x0;
  13   1              P2M0 = 0x0;
  14   1              
  15   1              P3M1 = 0x0;
  16   1              P3M0 = 0x0;
  17   1              
  18   1              P4M1 = 0x0;
  19   1              P4M0 = 0x0;
  20   1              
  21   1              P5M1 = 0x0;
  22   1              P5M0 = 0x0;
  23   1              
  24   1              P6M1 = 0x0;
  25   1              P6M0 = 0x0;
  26   1              
  27   1              P7M1 = 0x0;
  28   1              P7M0 = 0x0;
  29   1      }
  30          
  31          void iap15w413as_config(void)
  32          {
  33   1              port_mode();
  34   1              
  35   1              uart1_init();
  36   1              U1ENABLE();
  37   1              
  38   1              timer0_init();
  39   1              T0ENABLE();
  40   1              
  41   1              ISRENABLE();
  42   1              
  43   1              ds3231_init();
  44   1      }


MODULE INFORMATION:   STATIC OVERLAYABLE
   CODE SIZE        =     52    ----
   CONSTANT SIZE    =   ----    ----
   XDATA SIZE       =   ----    ----
   PDATA SIZE       =   ----    ----
   DATA SIZE        =   ----    ----
   IDATA SIZE       =   ----    ----
   BIT SIZE         =   ----    ----
C51 COMPILER V9.60.0.0   IAP15W413AS_CONFIG                                                06/26/2019 17:13:58 PAGE 2   

END OF MODULE INFORMATION.


C51 COMPILATION COMPLETE.  0 WARNING(S),  0 ERROR(S)
