C51 COMPILER V9.60.0.0   MAIN                                                              06/26/2019 17:13:58 PAGE 1   


C51 COMPILER V9.60.0.0, COMPILATION OF MODULE MAIN
OBJECT MODULE PLACED IN .\Objects\main.obj
COMPILER INVOKED BY: C:\Root\Opt\Keil\C51\BIN\C51.EXE main.c COMPACT OPTIMIZE(8,SPEED) BROWSE DEBUG OBJECTEXTEND PRINT(.
                    -\Listings\main.lst) OBJECT(.\Objects\main.obj)

line level    source

   1          
   2          #include "iap15w413as.h"
   3          
   4          void print_time(Date *d)
   5          {
   6   1              send_u8_decimal(d->year);
   7   1              send_string("/");
   8   1              send_u8_decimal(d->mon);
   9   1              send_string("/");
  10   1              send_u8_decimal(d->day);
  11   1              send_string("/");
  12   1              
  13   1              send_u8_decimal(d->hour);
  14   1              send_string("/");
  15   1              send_u8_decimal(d->min);
  16   1              send_string("/");
  17   1              send_u8_decimal(d->sec);
  18   1              send_string("/");
  19   1              
  20   1              send_u8_decimal(d->week);
  21   1              send_string(" \r\n");
  22   1      }
  23          
  24          void main(void)
  25          {
  26   1              //u8 i = 0;
  27   1              u8 y = 19, m = 6, d = 25;
  28   1              u8 h = 20, mi= 6, s = 00;
  29   1              u8 w = 2;
  30   1              Date date;
  31   1              u8 oldsec = 60;
  32   1              u8 update_flag = 1;
  33   1              
  34   1              iap15w413as_config();
  35   1      
  36   1              send_string("IAP15W413AS DS3231SN Test. \r\n");
  37   1              
  38   1              //ds3231_set_date(y, m, d, h, mi, s, w);
  39   1      
  40   1              while (1) {
  41   2                      delay_ms(200);
  42   2                      ds3231_get_date(&y, &m, &d, &h, &mi, &s, &w);
  43   2                      if (oldsec != s) {
  44   3                              date.year = y;
  45   3                              date.mon = m;
  46   3                              date.day = d;
  47   3                              date.hour = h;
  48   3                              date.min = mi;
  49   3                              date.sec = s;
  50   3                              date.week = w;
  51   3                              print_time(&date);
  52   3                              
  53   3                              oldsec = s;
  54   3                      }
C51 COMPILER V9.60.0.0   MAIN                                                              06/26/2019 17:13:58 PAGE 2   

  55   2                      
  56   2                      if (update_flag) {
  57   3                              if (update_time() == OK)
  58   3                                      update_flag = 0;
  59   3                      }
  60   2                      //send_u8_decimal(i);
  61   2                      //send_string(" \r\n");
  62   2                      //i++;
  63   2              }
  64   1      }


MODULE INFORMATION:   STATIC OVERLAYABLE
   CODE SIZE        =    470    ----
   CONSTANT SIZE    =     36    ----
   XDATA SIZE       =   ----    ----
   PDATA SIZE       =   ----      30
   DATA SIZE        =   ----    ----
   IDATA SIZE       =   ----    ----
   BIT SIZE         =   ----    ----
END OF MODULE INFORMATION.


C51 COMPILATION COMPLETE.  0 WARNING(S),  0 ERROR(S)
